<?xml version="1.0" encoding="UTF-8"?>
<testsuite xmlns:xsi="http://www.w3.org/2001/XMLSchema-instance" xsi:noNamespaceSchemaLocation="https://maven.apache.org/surefire/maven-surefire-plugin/xsd/surefire-test-report-3.0.xsd" version="3.0" name="tests.ObjetoRemotoEquivalencia" time="0.211" tests="6" errors="0" skipped="0" failures="0">
  <properties>
[...]
</properties>
  <testcase name="testSetNumAscensoresNegativo" classname="tests.ObjetoRemotoEquivalencia" time="0.129">
    <system-out><![CDATA[[poo.ascensores.Ascensor@193f604a, poo.ascensores.Ascensor@20f5239f, poo.ascensores.Ascensor@57af006c]
Prueba: Número de ascensores negativo
[01-02-2026 13:16:27] - Error: Intento de establecer número de ascensores inválido.
]]></system-out>
  </testcase>
  <testcase name="testIrAPlantaMismoOrigen" classname="tests.ObjetoRemotoEquivalencia" time="0.022">
    <system-out><![CDATA[[poo.ascensores.Ascensor@18d87d80, poo.ascensores.Ascensor@618425b5, poo.ascensores.Ascensor@58695725]
Prueba: Destino igual a origen
[01-02-2026 13:16:27] - Cliente 123 va a planta 0 en ascensor 0
[01-02-2026 13:16:27] - Ascensor 0 ha llegado a planta 0
]]></system-out>
  </testcase>
  <testcase name="testLiberarIDAscensorInexistente" classname="tests.ObjetoRemotoEquivalencia" time="0.008">
    <system-out><![CDATA[[poo.ascensores.Ascensor@17497425, poo.ascensores.Ascensor@f0da945, poo.ascensores.Ascensor@4803b726]
Prueba: Liberar ID inexistente
]]></system-out>
  </testcase>
  <testcase name="testSetAlgoritmoInvalido" classname="tests.ObjetoRemotoEquivalencia" time="0.003">
    <system-out><![CDATA[[poo.ascensores.Ascensor@66f57048, poo.ascensores.Ascensor@550dbc7a, poo.ascensores.Ascensor@21282ed8]
Prueba: Algoritmo nulo
]]></system-out>
  </testcase>
  <testcase name="testLiberarAscensorYaLibre" classname="tests.ObjetoRemotoEquivalencia" time="0.01">
    <system-out><![CDATA[[poo.ascensores.Ascensor@3cebbb30, poo.ascensores.Ascensor@12aba8be, poo.ascensores.Ascensor@290222c1]
Prueba: Doble liberación
[01-02-2026 13:16:27] - Ascensor 0 liberado.
[01-02-2026 13:16:27] - Ascensor 0 liberado.
]]></system-out>
  </testcase>
  <testcase name="testSetLimitesInvertidos" classname="tests.ObjetoRemotoEquivalencia" time="0.002">
    <system-out><![CDATA[[poo.ascensores.Ascensor@26e356f0, poo.ascensores.Ascensor@47d9a273, poo.ascensores.Ascensor@4b8ee4de]
Prueba: Inversión de límites
[01-02-2026 13:16:27] - Error: La planta mínima no puede superar la máxima.
]]></system-out>
  </testcase>
</testsuite>