<?xml version="1.0" encoding="UTF-8"?>
<testsuite xmlns:xsi="http://www.w3.org/2001/XMLSchema-instance" xsi:noNamespaceSchemaLocation="https://maven.apache.org/surefire/maven-surefire-plugin/xsd/surefire-test-report-3.0.xsd" version="3.0" name="tests.ObjetoRemotoTest" time="40.226" tests="9" errors="0" skipped="0" failures="0">
  <properties>
[...]
</properties>
  <testcase name="testEjecutarAlgoritmo_CambioAlgoritmoEnCaliente" classname="tests.ObjetoRemotoTest" time="0.134">
    <system-out><![CDATA[[poo.ascensores.Ascensor@793be5ca, poo.ascensores.Ascensor@2df9b86, poo.ascensores.Ascensor@37654521]
Contexto de prueba configurado.
Ejecutando: testEjecutarAlgoritmo_CambioAlgoritmoEnCaliente
[01-02-2026 13:50:10] - Algoritmo cambiado a: MAS_CERCANO
[01-02-2026 13:50:10] - Algoritmo cambiado a: MAS_LEJANO
Limpieza de recursos post-test.
]]></system-out>
  </testcase>
  <testcase name="testEjecutarAlgoritmo_MasInactivo" classname="tests.ObjetoRemotoTest" time="0.022">
    <system-out><![CDATA[[poo.ascensores.Ascensor@5b03b9fe, poo.ascensores.Ascensor@37d4349f, poo.ascensores.Ascensor@434a63ab]
Contexto de prueba configurado.
Prueba: ejecutarAlgoritmo - MAS_INACTIVO
[01-02-2026 13:50:10] - Algoritmo cambiado a: MAS_INACTIVO
[01-02-2026 13:50:10] - Cliente 777 solicita ascensor en planta 1
[01-02-2026 13:50:10] - Ascensor 0 ha llegado a planta 1
Limpieza de recursos post-test.
]]></system-out>
  </testcase>
  <testcase name="testEjecutarAlgoritmo_ListaLibresVacia" classname="tests.ObjetoRemotoTest" time="0.002">
    <system-out><![CDATA[[poo.ascensores.Ascensor@21282ed8, poo.ascensores.Ascensor@36916eb0, poo.ascensores.Ascensor@7bab3f1a]
Contexto de prueba configurado.
Ejecutando: testEjecutarAlgoritmo_ListaLibresVacia
Limpieza de recursos post-test.
]]></system-out>
  </testcase>
  <testcase name="testEjecutarAlgoritmo_MasLejano" classname="tests.ObjetoRemotoTest" time="40.02">
    <system-out><![CDATA[[poo.ascensores.Ascensor@1e1a0406, poo.ascensores.Ascensor@3cebbb30, poo.ascensores.Ascensor@12aba8be]
Contexto de prueba configurado.
Prueba: ejecutarAlgoritmo - MAS_LEJANO
[01-02-2026 13:50:10] - Algoritmo cambiado a: MAS_LEJANO
[01-02-2026 13:50:10] - Cliente 888 solicita ascensor en planta 0
[01-02-2026 13:50:15] - [Ascensor 1] En planta: 7
[01-02-2026 13:50:20] - [Ascensor 1] En planta: 6
[01-02-2026 13:50:25] - [Ascensor 1] En planta: 5
[01-02-2026 13:50:30] - [Ascensor 1] En planta: 4
[01-02-2026 13:50:35] - [Ascensor 1] En planta: 3
[01-02-2026 13:50:40] - [Ascensor 1] En planta: 2
[01-02-2026 13:50:45] - [Ascensor 1] En planta: 1
[01-02-2026 13:50:50] - [Ascensor 1] En planta: 0
[01-02-2026 13:50:50] - Ascensor 1 ha llegado a planta 0
Limpieza de recursos post-test.
]]></system-out>
  </testcase>
  <testcase name="testEjecutarAlgoritmo_TodosOcupados" classname="tests.ObjetoRemotoTest" time="0.002">
    <system-out><![CDATA[[poo.ascensores.Ascensor@6253c26, poo.ascensores.Ascensor@49049a04, poo.ascensores.Ascensor@71a8adcf]
Contexto de prueba configurado.
Prueba: ejecutarAlgoritmo - Sin ascensores libres
Limpieza de recursos post-test.
]]></system-out>
  </testcase>
  <testcase name="testEjecutarAlgoritmo_MasCercano" classname="tests.ObjetoRemotoTest" time="0.003">
    <system-out><![CDATA[[poo.ascensores.Ascensor@659499f1, poo.ascensores.Ascensor@51e69659, poo.ascensores.Ascensor@47e2e487]
Contexto de prueba configurado.
Prueba: ejecutarAlgoritmo - MAS_CERCANO
[01-02-2026 13:50:50] - Algoritmo cambiado a: MAS_CERCANO
Limpieza de recursos post-test.
]]></system-out>
  </testcase>
  <testcase name="testEjecutarAlgoritmo_EmpateDistancia" classname="tests.ObjetoRemotoTest" time="0.001">
    <system-out><![CDATA[[poo.ascensores.Ascensor@4310d43, poo.ascensores.Ascensor@54a7079e, poo.ascensores.Ascensor@26e356f0]
Contexto de prueba configurado.
Ejecutando: testEjecutarAlgoritmo_EmpateDistancia
[01-02-2026 13:50:50] - Algoritmo cambiado a: MAS_CERCANO
Limpieza de recursos post-test.
]]></system-out>
  </testcase>
  <testcase name="testSetNumAscensores_ReduccionConAscensorOcupado" classname="tests.ObjetoRemotoTest" time="0.003">
    <system-out><![CDATA[[poo.ascensores.Ascensor@27f981c6, poo.ascensores.Ascensor@1b11171f, poo.ascensores.Ascensor@1151e434]
Contexto de prueba configurado.
Ejecutando: testSetNumAscensores_ReduccionConAscensorOcupado
Limpieza de recursos post-test.
]]></system-out>
  </testcase>
  <testcase name="testSetNumAscensores_LimiteCero" classname="tests.ObjetoRemotoTest" time="0.003">
    <system-out><![CDATA[[poo.ascensores.Ascensor@d9345cd, poo.ascensores.Ascensor@2d710f1a, poo.ascensores.Ascensor@29215f06]
Contexto de prueba configurado.
Ejecutando: testSetNumAscensores_LimiteCero
Limpieza de recursos post-test.
]]></system-out>
  </testcase>
</testsuite>