<?xml version="1.0" encoding="UTF-8"?>
<testsuite xmlns:xsi="http://www.w3.org/2001/XMLSchema-instance" xsi:noNamespaceSchemaLocation="https://maven.apache.org/surefire/maven-surefire-plugin/xsd/surefire-test-report-3.0.xsd" version="3.0" name="tests.ObjetoRemotoConcurrenciaTest" time="65.186" tests="3" errors="0" skipped="0" failures="0">
  <properties>
[...]
</properties>
  <testcase name="testSolicitudSimultaneaExtrema" classname="tests.ObjetoRemotoConcurrenciaTest" time="60.142">
    <system-out><![CDATA[[poo.ascensores.Ascensor@550ee7e5, poo.ascensores.Ascensor@5f9b2141, poo.ascensores.Ascensor@247d8ae]
[01-02-2026 14:01:56] - Cliente 6 solicita ascensor en planta 0
[01-02-2026 14:01:56] - Ascensor 0 ha llegado a planta 0
[01-02-2026 14:01:56] - Cliente 9 solicita ascensor en planta 0
[01-02-2026 14:01:56] - Ascensor 1 ha llegado a planta 0
[01-02-2026 14:01:56] - Cliente 2 solicita ascensor en planta 0
[01-02-2026 14:01:56] - Ascensor 2 ha llegado a planta 0
[01-02-2026 14:01:56] - Cliente 7 solicita ascensor en planta 0
[01-02-2026 14:01:56] - Cliente 7 esperando: No hay ascensores libres.
[01-02-2026 14:01:56] - Cliente 4 solicita ascensor en planta 0
[01-02-2026 14:01:56] - Cliente 4 esperando: No hay ascensores libres.
[01-02-2026 14:01:56] - Cliente 5 solicita ascensor en planta 0
[01-02-2026 14:01:56] - Cliente 5 esperando: No hay ascensores libres.
[01-02-2026 14:01:56] - Cliente 3 solicita ascensor en planta 0
[01-02-2026 14:01:56] - Cliente 3 esperando: No hay ascensores libres.
[01-02-2026 14:01:56] - Cliente 8 solicita ascensor en planta 0
[01-02-2026 14:01:56] - Cliente 8 esperando: No hay ascensores libres.
[01-02-2026 14:01:56] - Cliente 1 solicita ascensor en planta 0
[01-02-2026 14:01:56] - Cliente 1 esperando: No hay ascensores libres.
[01-02-2026 14:01:56] - Cliente 0 solicita ascensor en planta 0
[01-02-2026 14:01:56] - Cliente 0 esperando: No hay ascensores libres.
]]></system-out>
  </testcase>
  <testcase name="testMovimientoPlantaLimite" classname="tests.ObjetoRemotoConcurrenciaTest" time="5.01">
    <system-out><![CDATA[[poo.ascensores.Ascensor@18d87d80, poo.ascensores.Ascensor@618425b5, poo.ascensores.Ascensor@58695725]
Prueba: testMovimientoPlantaLimite
[01-02-2026 14:03:02] - [Ascensor 0] En planta: 1
[01-02-2026 14:03:02] - [Ascensor 0] ABORTANDO: Destino fuera de límites
[01-02-2026 14:03:02] - Ascensor 0 ha llegado a planta 10
]]></system-out>
  </testcase>
  <testcase name="testLiberacionDoble" classname="tests.ObjetoRemotoConcurrenciaTest" time="0.005">
    <system-out><![CDATA[[poo.ascensores.Ascensor@7bd4937b, poo.ascensores.Ascensor@21e360a, poo.ascensores.Ascensor@5ba3f27a]
Prueba: testLiberacionDoble
[01-02-2026 14:03:02] - Ascensor 0 liberado.
[01-02-2026 14:03:02] - Ascensor 0 liberado.
]]></system-out>
  </testcase>
</testsuite>